[0mGET / [32m200[0m 122.591 ms - 5632[0m
[0mGET /favicon.ico [33m404[0m 4.842 ms - 150[0m
[0mGET /users/sign-in [36m304[0m 4.794 ms - -[0m
[0mGET /users/auth/google [36m302[0m 3.223 ms - 0[0m
[0mPOST /users/create-session [36m302[0m 17.245 ms - 46[0m
[0mGET / [32m200[0m 23.543 ms - 8422[0m
[0mPOST /comments/create [36m302[0m 43.379 ms - 46[0m
[0mGET / [32m200[0m 153.039 ms - 9410[0m
[0mGET /comments/destroy/64cea1cf39c0abf7bf39e6d8 [36m302[0m 19.063 ms - 88[0m
[0mGET / [32m200[0m 21.633 ms - 8422[0m
[0mGET / [32m200[0m 97.533 ms - 5632[0m
[0mGET /favicon.ico [33m404[0m 5.228 ms - 150[0m
[0mGET /users/sign-in [36m304[0m 3.837 ms - -[0m
[0mPOST /users/create-session [36m302[0m 16.119 ms - 46[0m
[0mGET / [32m200[0m 21.021 ms - 8422[0m
[0mGET / [32m200[0m 37.362 ms - 8083[0m
[0mGET /users/profile/64ca0a3504a063e6f4dbd602 [32m200[0m 18.770 ms - 3018[0m
[0mGET /users/sign-out [36m302[0m 14.931 ms - 46[0m
[0mGET / [32m200[0m 21.921 ms - 5972[0m
[0mGET /users/profile/64ca0a3504a063e6f4dbd602 [36m302[0m 1.162 ms - 72[0m
[0mGET /users/sign-in [36m304[0m 1.698 ms - -[0m
[0mPOST /users/create-session [36m302[0m 11.169 ms - 46[0m
[0mGET / [32m200[0m 16.445 ms - 8099[0m
[0mGET / [32m200[0m 41.682 ms - 5632[0m
[0mGET /favicon.ico [33m404[0m 2.314 ms - 150[0m
[0mGET /users/sign-in [36m304[0m 2.447 ms - -[0m
[0mPOST /users/create-session [36m302[0m 10.220 ms - 46[0m
[0mGET / [32m200[0m 17.028 ms - 8422[0m
[0mGET / [32m200[0m 75.538 ms - 5632[0m
[0mGET /favicon.ico [33m404[0m 5.528 ms - 150[0m
[0mGET /users/sign-in [36m304[0m 4.013 ms - -[0m
[0mPOST /users/create-session [36m302[0m 19.956 ms - 46[0m
[0mGET / [32m200[0m 20.855 ms - 8422[0m
[0mGET / [32m200[0m 127.441 ms - 5632[0m
[0mGET /favicon.ico [33m404[0m 2.970 ms - 150[0m
[0mGET /users/sign-in [36m304[0m 4.021 ms - -[0m
[0mPOST /users/create-session [36m302[0m 17.589 ms - 46[0m
[0mGET / [32m200[0m 24.235 ms - 8422[0m
[0mPOST /posts/create [32m200[0m 26.510 ms - 403[0m
[0mGET / [32m200[0m 25.815 ms - 9821[0m
[0mGET /posts/destroy/64d25ce2219783f93caa5753 [36m302[0m 26.840 ms - 88[0m
[0mGET / [32m200[0m 23.879 ms - 8419[0m
[0mGET / [32m200[0m 66.580 ms - 6189[0m
[0mGET / [36m304[0m 22.847 ms - -[0m
[0mGET / [36m304[0m 22.082 ms - -[0m
[0mGET / [36m304[0m 35.645 ms - -[0m
[0mGET / [36m304[0m 18.386 ms - -[0m
[0mGET / [36m304[0m 16.766 ms - -[0m
[0mGET / [36m304[0m 21.441 ms - -[0m
[0mGET / [36m304[0m 23.671 ms - -[0m
[0mGET / [36m304[0m 19.726 ms - -[0m
[0mGET / [36m304[0m 16.153 ms - -[0m
[0mGET / [36m304[0m 21.195 ms - -[0m
[0mGET / [36m304[0m 15.730 ms - -[0m
[0mGET / [36m304[0m 14.938 ms - -[0m
