[0mGET / [36m304[0m 14.456 ms - -[0m
[0mGET / [36m304[0m 15.249 ms - -[0m
[0mGET / [36m304[0m 15.341 ms - -[0m
[0mGET / [36m304[0m 14.952 ms - -[0m
[0mGET / [36m304[0m 14.021 ms - -[0m
[0mGET / [36m304[0m 17.495 ms - -[0m
[0mGET / [36m304[0m 15.528 ms - -[0m
[0mGET / [36m304[0m 16.569 ms - -[0m
[0mGET / [36m304[0m 22.059 ms - -[0m
[0mGET / [36m304[0m 21.831 ms - -[0m
[0mGET / [32m200[0m 71.577 ms - 5689[0m
[0mGET / [36m304[0m 19.974 ms - -[0m
[0mGET / [36m304[0m 21.807 ms - -[0m
[0mGET / [36m304[0m 23.086 ms - -[0m
[0mGET /users/sign-in [32m200[0m 4.601 ms - 2128[0m
[0mPOST /users/create-session [36m302[0m 19.084 ms - 46[0m
[0mGET / [32m200[0m 22.592 ms - 8479[0m
[0mGET / [32m200[0m 24.307 ms - 8140[0m
[0mGET /users/sign-out [36m302[0m 10.890 ms - 46[0m
[0mGET /users/sign-out [36m302[0m 4.994 ms - 46[0m
[0mGET / [32m200[0m 14.249 ms - 6029[0m
[0mGET / [32m200[0m 17.933 ms - 5689[0m
[0mGET / [36m304[0m 21.012 ms - -[0m
[0mGET / [36m304[0m 18.320 ms - -[0m
[0mGET / [36m304[0m 15.538 ms - -[0m
[0mGET / [32m200[0m 100.188 ms - 5922[0m
[0mGET / [36m304[0m 25.805 ms - -[0m
[0mGET / [36m304[0m 25.099 ms - -[0m
[0mGET / [36m304[0m 27.414 ms - -[0m
[0mGET / [36m304[0m 21.536 ms - -[0m
[0mGET / [36m304[0m 17.628 ms - -[0m
[0mGET / [32m200[0m 69.278 ms - 5968[0m
[0mGET / [36m304[0m 29.317 ms - -[0m
[0mGET / [36m304[0m 34.309 ms - -[0m
[0mGET / [36m304[0m 33.183 ms - -[0m
[0mGET / [36m304[0m 29.361 ms - -[0m
[0mGET / [36m304[0m 27.930 ms - -[0m
[0mGET / [36m304[0m 27.471 ms - -[0m
[0mGET / [36m304[0m 18.872 ms - -[0m
[0mGET / [36m304[0m 25.091 ms - -[0m
[0mGET / [36m304[0m 17.604 ms - -[0m
[0mGET / [36m304[0m 21.809 ms - -[0m
[0mGET / [36m304[0m 25.434 ms - -[0m
[0mGET / [36m304[0m 16.409 ms - -[0m
[0mGET / [36m304[0m 10.821 ms - -[0m
[0mGET / [36m304[0m 12.213 ms - -[0m
[0mGET / [36m304[0m 10.755 ms - -[0m
[0mGET / [36m304[0m 11.241 ms - -[0m
[0mGET / [36m304[0m 11.120 ms - -[0m
[0mGET / [36m304[0m 8.953 ms - -[0m
[0mGET / [36m304[0m 9.798 ms - -[0m
[0mGET / [36m304[0m 14.127 ms - -[0m
[0mGET / [32m200[0m 148.283 ms - 5993[0m
[0mGET /favicon.ico [33m404[0m 4.026 ms - 150[0m
[0mGET /users/sign-in [32m200[0m 3.613 ms - 2432[0m
[0mGET /users/css/layout.css [33m404[0m 9.558 ms - 159[0m
[0mGET /users/sign-in [36m304[0m 1.269 ms - -[0m
[0mGET /users/css/layout.css [33m404[0m 4.641 ms - 159[0m
[0mGET /users/sign-in [36m304[0m 1.507 ms - -[0m
[0mGET /users/css/layout.css [33m404[0m 3.283 ms - 159[0m
[0mGET / [36m304[0m 17.850 ms - -[0m
[0mGET / [36m304[0m 33.433 ms - -[0m
[0mGET / [36m304[0m 21.047 ms - -[0m
[0mGET / [36m304[0m 13.440 ms - -[0m
[0mGET / [36m304[0m 21.436 ms - -[0m
[0mGET /users/sign-in [36m304[0m 1.357 ms - -[0m
[0mGET /users/css/layout.css [33m404[0m 1.015 ms - 159[0m
[0mGET / [36m304[0m 22.587 ms - -[0m
[0mGET /users/sign-in [36m304[0m 1.659 ms - -[0m
[0mGET /users/css/layout.css [33m404[0m 1.228 ms - 159[0m
[0mGET /users/sign-in [32m200[0m 17.968 ms - 2484[0m
[0mGET /users/css/layout.css [33m404[0m 9.183 ms - 159[0m
[0mGET /users/sign-in [36m304[0m 3.005 ms - -[0m
[0mGET /users/css/layout.css [33m404[0m 8.228 ms - 159[0m
[0mGET / [36m304[0m 61.135 ms - -[0m
[0mGET / [36m304[0m 20.483 ms - -[0m
[0mGET /users/sign-in [36m304[0m 17.063 ms - -[0m
[0mGET /users/css/layout.css [33m404[0m 6.593 ms - 159[0m
[0mPOST /users/create-session [36m302[0m 39.188 ms - 46[0m
[0mGET / [32m200[0m 50.378 ms - 8783[0m
[0mPOST /posts/create [32m200[0m 81.048 ms - 407[0m
[0mGET / [32m200[0m 30.610 ms - 10186[0m
[0mPOST /comments/create [36m302[0m 41.185 ms - 46[0m
[0mGET / [32m200[0m 71.494 ms - 11512[0m
[0mGET /comments/destroy/64d48ba88ccbec9f269f23f2 [36m302[0m 65.024 ms - 88[0m
[0mGET / [32m200[0m 22.619 ms - 10537[0m
[0mPOST /comments/create [36m302[0m 17.970 ms - 46[0m
[0mGET / [32m200[0m 41.452 ms - 11512[0m
[0mGET / [32m200[0m 25.650 ms - 11170[0m
[0mGET / [36m304[0m 23.563 ms - -[0m
[0mGET / [36m304[0m 23.183 ms - -[0m
[0mGET / [36m304[0m 20.982 ms - -[0m
[0mGET / [36m304[0m 20.485 ms - -[0m
[0mGET / [36m304[0m 19.889 ms - -[0m
[0mGET / [32m200[0m 214.898 ms - 7664[0m
[0mGET /favicon.ico [33m404[0m 4.724 ms - 150[0m
[0mGET / [32m200[0m 187.351 ms - 7664[0m
[0mGET /favicon.ico [33m404[0m 2.387 ms - 150[0m
[0mGET /users/profile/64c098118372585059aaa5ee [36m302[0m 5.265 ms - 72[0m
[0mGET /users/sign-in [32m200[0m 6.413 ms - 2482[0m
[0mGET /users/css/layout.css [33m404[0m 4.317 ms - 159[0m
[0mGET /users/css/header.css [33m404[0m 3.589 ms - 159[0m
[0mGET /users/css/footer.css [33m404[0m 3.062 ms - 159[0m
[0mGET /users/profile/64c0bbde3af7a9ea5b009234 [36m302[0m 3.913 ms - 72[0m
[0mGET /users/sign-in [36m304[0m 5.771 ms - -[0m
[0mGET /users/css/layout.css [33m404[0m 4.496 ms - 159[0m
[0mGET /users/css/header.css [33m404[0m 6.005 ms - 159[0m
[0mGET /users/css/footer.css [33m404[0m 5.041 ms - 159[0m
[0mGET /users/sign-up [32m200[0m 7.055 ms - 2587[0m
[0mGET /users/css/layout.css [33m404[0m 4.829 ms - 159[0m
[0mGET /css/user [33m404[0m 1.924 ms - 147[0m
[0mGET /users/css/footer.css [33m404[0m 3.032 ms - 159[0m
[0mGET /users/css/header.css [33m404[0m 4.278 ms - 159[0m
[0mPOST /users/create-session [36m302[0m 30.843 ms - 46[0m
[0mGET / [32m200[0m 36.044 ms - 11507[0m
[0mPOST /comments/create [36m302[0m 71.010 ms - 46[0m
[0mGET / [32m200[0m 91.854 ms - 12493[0m
[0mGET /comments/destroy/64d48bb98ccbec9f269f2407 [36m302[0m 70.492 ms - 88[0m
[0mGET / [32m200[0m 27.562 ms - 11518[0m
[0mGET /posts/destroy/64d48b998ccbec9f269f23e8 [36m302[0m 71.917 ms - 88[0m
[0mGET / [32m200[0m 22.048 ms - 8790[0m
[0mGET /posts/destroy/64c221f0f81d27b08807c448 [36m302[0m 18.735 ms - 88[0m
[0mGET / [32m200[0m 26.461 ms - 7051[0m
[0mGET /posts/destroy/64cdf58d6e26d6513d9cc8d9 [36m302[0m 20.375 ms - 88[0m
[0mGET / [32m200[0m 20.343 ms - 5311[0m
[0mGET /users/profile/64ca0a3504a063e6f4dbd602 [32m200[0m 53.780 ms - 3340[0m
[0mGET /users/profile/css/layout.css [33m404[0m 20.877 ms - 167[0m
[0mGET /users/profile/css/header.css [33m404[0m 10.482 ms - 167[0m
[0mGET /users/profile/css/footer.css [33m404[0m 10.644 ms - 167[0m
[0mGET /users/profile/64c098118372585059aaa5ee [32m200[0m 14.353 ms - 3672[0m
[0mGET /users/profile/css/layout.css [33m404[0m 12.678 ms - 167[0m
[0mGET /users/profile/css/header.css [33m404[0m 10.158 ms - 167[0m
[0mGET /users/profile/css/footer.css [33m404[0m 12.099 ms - 167[0m
[0mPOST /users/update/64c098118372585059aaa5ee [36m302[0m 54.202 ms - 164[0m
[0mGET /users/profile/64c098118372585059aaa5ee [36m304[0m 11.866 ms - -[0m
[0mGET /users/profile/css/layout.css [33m404[0m 21.231 ms - 167[0m
[0mGET /users/profile/css/header.css [33m404[0m 12.366 ms - 167[0m
[0mGET /users/profile/css/footer.css [33m404[0m 13.348 ms - 167[0m
[0mPOST /users/update/64c098118372585059aaa5ee [36m302[0m 9.293 ms - 164[0m
[0mGET /users/profile/64c098118372585059aaa5ee [36m304[0m 10.330 ms - -[0m
[0mGET /users/profile/css/layout.css [33m404[0m 7.691 ms - 167[0m
[0mGET /users/profile/css/header.css [33m404[0m 13.940 ms - 167[0m
[0mGET /users/profile/css/footer.css [33m404[0m 8.030 ms - 167[0m
[0mGET /users/profile/css/layout.css [33m404[0m 19.619 ms - 167[0m
[0mGET /users/profile/css/header.css [33m404[0m 13.214 ms - 167[0m
[0mGET /users/profile/css/footer.css [33m404[0m 11.717 ms - 167[0m
[0mGET /users/profile/64c098118372585059aaa5ee [36m304[0m 12.073 ms - -[0m
[0mGET /users/profile/css/layout.css [33m404[0m 15.019 ms - 167[0m
[0mGET /users/profile/css/header.css [33m404[0m 14.834 ms - 167[0m
[0mGET /users/profile/css/footer.css [33m404[0m 16.673 ms - 167[0m
[0mGET /users/profile/64c098118372585059aaa5ee [32m200[0m 19.564 ms - 3681[0m
[0mGET /users/profile/css/header.css [33m404[0m 14.505 ms - 167[0m
[0mGET /users/profile/css/footer.css [33m404[0m 6.480 ms - 167[0m
[0mPOST /users/update/64c098118372585059aaa5ee [36m302[0m 8.859 ms - 164[0m
[0mGET /users/profile/64c098118372585059aaa5ee [36m304[0m 10.493 ms - -[0m
[0mGET /users/profile/css/header.css [33m404[0m 12.713 ms - 167[0m
[0mGET /users/profile/css/footer.css [33m404[0m 10.380 ms - 167[0m
[0mPOST /users/update/64c098118372585059aaa5ee [36m302[0m 9.039 ms - 164[0m
[0mGET /users/profile/64c098118372585059aaa5ee [36m304[0m 11.363 ms - -[0m
[0mGET /users/profile/css/header.css [33m404[0m 12.093 ms - 167[0m
[0mGET /users/profile/css/footer.css [33m404[0m 5.326 ms - 167[0m
[0mGET / [32m200[0m 67.842 ms - 4972[0m
[0mGET /favicon.ico [33m404[0m 23.211 ms - 150[0m
[0mGET / [32m200[0m 37.253 ms - 4963[0m
[0mGET /users/sign-out [36m302[0m 16.398 ms - 46[0m
[0mGET / [32m200[0m 15.727 ms - 3910[0m
[0mGET /users/profile/64c0bbde3af7a9ea5b009234 [36m302[0m 2.211 ms - 72[0m
[0mGET /users/sign-in [32m200[0m 4.470 ms - 2482[0m
[0mGET /users/css/layout.css [33m404[0m 10.451 ms - 159[0m
[0mGET /users/css/header.css [33m404[0m 6.581 ms - 159[0m
[0mGET /users/css/footer.css [33m404[0m 7.233 ms - 159[0m
[0mGET /users/auth/google [36m302[0m 3.333 ms - 0[0m
[0mGET /users/sign-in [36m304[0m 4.571 ms - -[0m
[0mGET /users/css/layout.css [33m404[0m 4.981 ms - 159[0m
[0mGET /users/css/header.css [33m404[0m 3.095 ms - 159[0m
[0mGET /users/css/footer.css [33m404[0m 1.328 ms - 159[0m
[0mGET / [32m200[0m 93.819 ms - 3910[0m
[0mGET /favicon.ico [33m404[0m 1.880 ms - 150[0m
[0mGET / [32m200[0m 76.662 ms - 3910[0m
[0mGET /favicon.ico [33m404[0m 1.437 ms - 150[0m
[0mGET / [32m200[0m 119.840 ms - 3910[0m
[0mGET /favicon.ico [33m404[0m 2.310 ms - 150[0m
[0mGET /users/profile/64c098118372585059aaa5ee [36m302[0m 5.208 ms - 72[0m
[0mGET /users/sign-in [32m200[0m 5.846 ms - 2482[0m
[0mGET /users/css/layout.css [33m404[0m 11.156 ms - 159[0m
[0mGET /users/css/header.css [33m404[0m 11.227 ms - 159[0m
[0mGET /users/css/footer.css [33m404[0m 6.978 ms - 159[0m
[0mGET /users/auth/google [36m302[0m 2.347 ms - 0[0m
[0mGET /users/css/layout.css [33m404[0m 1.746 ms - 159[0m
[0mGET /users/css/header.css [33m404[0m 2.126 ms - 159[0m
[0mGET /users/css/footer.css [33m404[0m 1.349 ms - 159[0m
[0mPOST /users/create-session [36m302[0m 21.509 ms - 72[0m
[0mGET /users/sign-in [32m200[0m 4.368 ms - 2826[0m
[0mGET /users/css/layout.css [33m404[0m 8.779 ms - 159[0m
[0mGET /users/css/header.css [33m404[0m 3.568 ms - 159[0m
[0mGET /users/css/footer.css [33m404[0m 5.549 ms - 159[0m
[0mGET /users/reset-page [32m200[0m 8.036 ms - 2361[0m
[0mGET /users/css/layout.css [33m404[0m 5.793 ms - 159[0m
[0mGET /users/css/header.css [33m404[0m 5.247 ms - 159[0m
[0mGET /users/css/footer.css [33m404[0m 6.214 ms - 159[0m
[0mPOST /users/reset [36m302[0m 7.892 ms - 120[0m
[0mGET /users/reset-page [32m200[0m 5.497 ms - 2708[0m
[0mGET /users/css/layout.css [33m404[0m 3.104 ms - 159[0m
[0mGET /users/css/header.css [33m404[0m 1.763 ms - 159[0m
[0mGET /users/css/footer.css [33m404[0m 5.123 ms - 159[0m
[0mPOST /users/reset [36m302[0m 26.707 ms - 72[0m
[0mGET /users/sign-in [32m200[0m 7.384 ms - 2825[0m
[0mGET /users/css/layout.css [33m404[0m 3.394 ms - 159[0m
[0mGET /users/css/header.css [33m404[0m 5.004 ms - 159[0m
[0mGET /users/css/footer.css [33m404[0m 5.332 ms - 159[0m
[0mGET /users/sign-in [32m200[0m 6.084 ms - 2482[0m
[0mGET /users/css/layout.css [33m404[0m 1.884 ms - 159[0m
[0mGET /users/css/footer.css [33m404[0m 4.318 ms - 159[0m
[0mGET /users/css/header.css [33m404[0m 5.229 ms - 159[0m
[0mPOST /users/create-session [36m302[0m 4.838 ms - 72[0m
[0mGET /users/sign-in [32m200[0m 5.295 ms - 2826[0m
[0mGET /users/css/layout.css [33m404[0m 1.509 ms - 159[0m
[0mGET /users/css/header.css [33m404[0m 1.061 ms - 159[0m
[0mGET /users/css/footer.css [33m404[0m 1.776 ms - 159[0m
[0mPOST /users/create-session [36m302[0m 15.312 ms - 46[0m
[0mGET / [32m200[0m 34.094 ms - 5302[0m
[0mGET / [32m200[0m 21.800 ms - 4963[0m
[0mGET /users/profile/64c098118372585059aaa5ee [32m200[0m 55.669 ms - 3672[0m
[0mGET /users/profile/css/layout.css [33m404[0m 16.410 ms - 167[0m
[0mGET /users/profile/css/header.css [33m404[0m 6.475 ms - 167[0m
[0mGET /users/profile/css/footer.css [33m404[0m 8.460 ms - 167[0m
[0mPOST /posts/create [32m200[0m 80.773 ms - 413[0m
[0mGET / [32m200[0m 68.202 ms - 6703[0m
[0mPOST /likes/toggle/?id=653ff4910258996234151c9b&type=Post [32m200[0m 101.251 ms - 58[0m
[0mGET / [32m200[0m 27.984 ms - 6703[0m
[0mPOST /comments/create [36m302[0m 49.709 ms - 46[0m
[0mGET / [32m200[0m 80.039 ms - 8036[0m
[0mGET /comments/destroy/653ff4a50258996234151cb0 [36m302[0m 19.443 ms - 88[0m
[0mGET / [32m200[0m 29.584 ms - 7054[0m
[0mGET /posts/destroy/653ff4910258996234151c9b [36m302[0m 19.495 ms - 88[0m
[0mGET / [32m200[0m 19.126 ms - 5311[0m
[0mGET / [32m200[0m 82.968 ms - 3910[0m
[0mGET /favicon.ico [33m404[0m 1.341 ms - 150[0m
[0mGET / [32m200[0m 86.041 ms - 3910[0m
[0mGET /favicon.ico [33m404[0m 1.827 ms - 150[0m
[0mGET /users/sign-in [32m200[0m 4.295 ms - 2482[0m
[0mGET /users/css/layout.css [33m404[0m 2.213 ms - 159[0m
[0mGET /users/css/header.css [33m404[0m 2.088 ms - 159[0m
[0mGET /users/css/footer.css [33m404[0m 1.870 ms - 159[0m
[0mPOST /users/create-session [36m302[0m 14.941 ms - 72[0m
[0mGET /users/sign-in [32m200[0m 4.335 ms - 2826[0m
[0mGET /users/css/layout.css [33m404[0m 4.306 ms - 159[0m
[0mGET /users/css/header.css [33m404[0m 2.946 ms - 159[0m
[0mGET /users/css/footer.css [33m404[0m 3.929 ms - 159[0m
[0mGET /users/reset-page [32m200[0m 3.875 ms - 2361[0m
[0mGET /users/css/layout.css [33m404[0m 0.881 ms - 159[0m
[0mGET /users/css/header.css [33m404[0m 2.857 ms - 159[0m
[0mGET /users/css/footer.css [33m404[0m 0.549 ms - 159[0m
[0mPOST /users/reset [36m302[0m 16.103 ms - 72[0m
[0mGET /users/sign-in [32m200[0m 1.960 ms - 2825[0m
[0mGET /users/css/layout.css [33m404[0m 2.180 ms - 159[0m
[0mGET /users/css/header.css [33m404[0m 3.882 ms - 159[0m
[0mGET /users/css/footer.css [33m404[0m 0.891 ms - 159[0m
[0mGET /users/css/layout.css [33m404[0m 4.405 ms - 159[0m
[0mGET /users/css/header.css [33m404[0m 1.902 ms - 159[0m
[0mGET /users/css/footer.css [33m404[0m 3.039 ms - 159[0m
[0mPOST /users/reset [36m302[0m 7.719 ms - 72[0m
[0mGET /users/sign-in [36m304[0m 3.102 ms - -[0m
[0mGET /users/css/layout.css [33m404[0m 1.616 ms - 159[0m
[0mGET /users/css/header.css [33m404[0m 1.198 ms - 159[0m
[0mGET /users/css/footer.css [33m404[0m 0.695 ms - 159[0m
[0mGET /users/auth/google [36m302[0m 1.986 ms - 0[0m
[0mGET / [36m304[0m 111.440 ms - -[0m
[0mGET /favicon.ico [33m404[0m 2.640 ms - 150[0m
[0mGET /users/profile/64c098118372585059aaa5ee [36m302[0m 5.556 ms - 72[0m
[0mGET /users/sign-in [32m200[0m 16.018 ms - 2482[0m
[0mGET /users/css/layout.css [33m404[0m 9.981 ms - 159[0m
[0mGET /users/css/header.css [33m404[0m 7.048 ms - 159[0m
[0mGET /users/css/footer.css [33m404[0m 8.298 ms - 159[0m
[0mGET / [36m304[0m 32.988 ms - -[0m
[0mGET / [36m304[0m 19.882 ms - -[0m
[0mGET / [36m304[0m 12.915 ms - -[0m
[0mGET /users/profile/64c0bbde3af7a9ea5b009234 [36m302[0m 1.433 ms - 72[0m
[0mGET /users/sign-in [36m304[0m 5.302 ms - -[0m
[0mGET /users/css/layout.css [33m404[0m 1.718 ms - 159[0m
[0mGET /users/css/header.css [33m404[0m 3.270 ms - 159[0m
[0mGET /users/css/footer.css [33m404[0m 1.161 ms - 159[0m
[0mPOST /users/create-session [36m302[0m 23.539 ms - 72[0m
[0mGET /users/sign-in [32m200[0m 3.979 ms - 2826[0m
[0mGET /users/css/layout.css [33m404[0m 4.797 ms - 159[0m
[0mGET /users/css/header.css [33m404[0m 2.836 ms - 159[0m
[0mGET /users/css/footer.css [33m404[0m 3.206 ms - 159[0m
[0mGET /users/reset-page [36m304[0m 6.881 ms - -[0m
[0mGET /users/css/layout.css [33m404[0m 2.067 ms - 159[0m
[0mGET /users/css/header.css [33m404[0m 3.080 ms - 159[0m
[0mGET /users/css/footer.css [33m404[0m 4.674 ms - 159[0m
[0mPOST /users/reset [36m302[0m 24.953 ms - 72[0m
[0mGET /users/sign-in [32m200[0m 3.487 ms - 2825[0m
[0mGET /users/css/layout.css [33m404[0m 2.446 ms - 159[0m
[0mGET /users/css/header.css [33m404[0m 2.628 ms - 159[0m
[0mGET /users/css/footer.css [33m404[0m 2.369 ms - 159[0m
[0mPOST /users/create-session [36m302[0m 6.357 ms - 72[0m
[0mGET /users/sign-in [32m200[0m 6.183 ms - 2826[0m
[0mGET /users/css/layout.css [33m404[0m 1.397 ms - 159[0m
[0mGET /users/css/header.css [33m404[0m 1.594 ms - 159[0m
[0mGET /users/css/footer.css [33m404[0m 1.167 ms - 159[0m
[0mPOST /users/create-session [36m302[0m 26.806 ms - 46[0m
[0mGET / [32m200[0m 37.109 ms - 5302[0m
[0mGET /users/css/header.css [33m404[0m 11.742 ms - 159[0m
[0mGET /users/sign-out [36m302[0m 10.009 ms - 46[0m
[0mGET / [32m200[0m 14.596 ms - 4250[0m
[0mGET /users/profile/64c098118372585059aaa5ee [36m302[0m 6.371 ms - 72[0m
[0mGET /users/sign-in [32m200[0m 19.218 ms - 2482[0m
[0mGET /users/css/layout.css [33m404[0m 7.448 ms - 159[0m
[0mGET /users/css/header.css [33m404[0m 5.150 ms - 159[0m
[0mGET /users/css/footer.css [33m404[0m 4.309 ms - 159[0m
[0mPOST /users/create-session [36m302[0m 31.428 ms - 46[0m
[0mGET / [32m200[0m 29.822 ms - 5302[0m
[0mPOST /posts/create [32m200[0m 88.702 ms - 408[0m
[0mGET / [32m200[0m 74.176 ms - 6703[0m
[0mPOST /likes/toggle/?id=65f36c225c4ae4afe57b12fd&type=Post [32m200[0m 90.771 ms - 58[0m
[0mGET / [32m200[0m 29.295 ms - 6703[0m
[0mGET / [36m304[0m 26.767 ms - -[0m
[0mGET / [36m304[0m 24.510 ms - -[0m
[0mGET / [36m304[0m 27.292 ms - -[0m
